<?xml version="1.0" encoding="UTF-8"?>
<testsuite name="tests.TestGoogleSearch" tests="2" skipped="0" failures="0" errors="0" timestamp="2020-09-10T10:30:26" hostname="DESKTOP-A9VLQL2" time="7.424">
  <properties/>
  <testcase name="shouldBeBlogTitle1" classname="tests.TestGoogleSearch" time="5.896"/>
  <testcase name="shouldBeBlogTitle" classname="tests.TestGoogleSearch" time="6.953"/>
  <system-out><![CDATA[]]></system-out>
  <system-err><![CDATA[вер. 10, 2020 1:30:26 ПП org.openqa.selenium.remote.ProtocolHandshake createSession
INFO: Detected dialect: W3C
]]></system-err>
</testsuite>
